{"/Users/jinbo.h/Documents/code/Auto-Dev-Agent/DevAgent/projects/kttech-cyber/KTechAICyberWeb/src/components/Services.vue": {"path":"/Users/jinbo.h/Documents/code/Auto-Dev-Agent/DevAgent/projects/kttech-cyber/KTechAICyberWeb/src/components/Services.vue","statementMap":{"0":{"start":{"line":51,"column":21},"end":{"line":51,"column":null}},"1":{"start":{"line":54,"column":10},"end":{"line":72,"column":null}},"2":{"start":{"line":55,"column":23},"end":{"line":70,"column":null}},"3":{"start":{"line":71,"column":2},"end":{"line":71,"column":null}},"4":{"start":{"line":75,"column":16},"end":{"line":106,"column":null}},"5":{"start":{"line":75,"column":32},"end":{"line":106,"column":1}},"6":{"start":{"line":16,"column":13},"end":{"line":16,"column":null}},"7":{"start":{"line":17,"column":14},"end":{"line":17,"column":39}},"8":{"start":{"line":18,"column":13},"end":{"line":18,"column":41}},"9":{"start":{"line":21,"column":13},"end":{"line":21,"column":null}},"10":{"start":{"line":2,"column":2},"end":{"line":29,"column":44}},"11":{"start":{"line":5,"column":6},"end":{"line":9,"column":null}},"12":{"start":{"line":32,"column":12},"end":{"line":29,"column":44}},"13":{"start":{"line":22,"column":10},"end":{"line":29,"column":44}}},"fnMap":{"0":{"name":"(anonymous_0)","decl":{"start":{"line":54,"column":10},"end":{"line":54,"column":11}},"loc":{"start":{"line":54,"column":19},"end":{"line":72,"column":null}},"line":54},"1":{"name":"(anonymous_1)","decl":{"start":{"line":75,"column":26},"end":{"line":75,"column":27}},"loc":{"start":{"line":75,"column":32},"end":{"line":106,"column":1}},"line":75},"2":{"name":"(anonymous_2)","decl":{"start":{"line":6,"column":37},"end":{"line":6,"column":null}},"loc":{"start":{"line":6,"column":24},"end":{"line":9,"column":null}},"line":6},"3":{"name":"(anonymous_3)","decl":{"start":{"line":15,"column":6},"end":{"line":15,"column":18}},"loc":{"start":{"line":32,"column":12},"end":{"line":29,"column":44}},"line":32},"4":{"name":"(anonymous_4)","decl":{"start":{"line":23,"column":47},"end":{"line":23,"column":null}},"loc":{"start":{"line":23,"column":34},"end":{"line":29,"column":44}},"line":23}},"branchMap":{"0":{"loc":{"start":{"line":71,"column":9},"end":{"line":71,"column":null}},"type":"binary-expr","locations":[{"start":{"line":71,"column":9},"end":{"line":71,"column":26}},{"start":{"line":71,"column":30},"end":{"line":71,"column":null}}],"line":71},"1":{"loc":{"start":{"line":4,"column":15},"end":{"line":9,"column":null}},"type":"cond-expr","locations":[{"start":{"line":4,"column":4},"end":{"line":9,"column":null}}],"line":4},"2":{"loc":{"start":{"line":15,"column":18},"end":{"line":29,"column":44}},"type":"cond-expr","locations":[{"start":{"line":15,"column":6},"end":{"line":29,"column":44}}],"line":15}},"s":{"0":29,"1":29,"2":348,"3":348,"4":29,"5":29,"6":1,"7":1,"8":1,"9":1,"10":29,"11":174,"12":29,"13":0},"f":{"0":348,"1":29,"2":174,"3":29,"4":0},"b":{"0":[348,0],"1":[29],"2":[0]},"meta":{"lastBranch":3,"lastFunction":5,"lastStatement":14,"seen":{"s:51:21:51:Infinity":0,"s:54:10:72:Infinity":1,"f:54:10:54:11":0,"s:55:23:70:Infinity":2,"s:71:2:71:Infinity":3,"b:71:9:71:26:71:30:71:Infinity":0,"s:75:16:106:Infinity":4,"f:75:26:75:27":1,"s:75:32:106:1":5,"s:16:13:16:Infinity":6,"s:17:14:17:39":7,"s:18:13:18:41":8,"s:21:13:21:Infinity":9,"s:2:2:29:44":10,"b:4:4:9:Infinity":1,"f:6:37:6:Infinity":2,"s:5:6:9:Infinity":11,"f:15:6:15:18":3,"s:32:12:29:44":12,"b:15:6:29:44":2,"f:23:47:23:Infinity":4,"s:22:10:29:44":13},"fnNames":{}}}
,"/Users/jinbo.h/Documents/code/Auto-Dev-Agent/DevAgent/projects/kttech-cyber/KTechAICyberWeb/src/components/SkeletonCard.vue": {"path":"/Users/jinbo.h/Documents/code/Auto-Dev-Agent/DevAgent/projects/kttech-cyber/KTechAICyberWeb/src/components/SkeletonCard.vue","statementMap":{"0":{"start":{"line":2,"column":2},"end":{"line":21,"column":60}}},"fnMap":{},"branchMap":{"0":{"loc":{"start":{"line":8,"column":4},"end":{"line":9,"column":41}},"type":"binary-expr","locations":[{"start":{"line":8,"column":4},"end":{"line":8,"column":9}},{"start":{"line":8,"column":4},"end":{"line":9,"column":41}}],"line":8},"1":{"loc":{"start":{"line":13,"column":4},"end":{"line":14,"column":39}},"type":"binary-expr","locations":[{"start":{"line":13,"column":4},"end":{"line":13,"column":9}},{"start":{"line":13,"column":4},"end":{"line":14,"column":39}}],"line":13},"2":{"loc":{"start":{"line":18,"column":4},"end":{"line":21,"column":60}},"type":"binary-expr","locations":[{"start":{"line":18,"column":4},"end":{"line":18,"column":9}},{"start":{"line":18,"column":4},"end":{"line":21,"column":60}}],"line":18}},"s":{"0":174},"f":{},"b":{"0":[174,174],"1":[174,174],"2":[174,174]},"meta":{"lastBranch":0,"lastFunction":0,"lastStatement":0,"seen":{},"fnNames":{}}}
,"/Users/jinbo.h/Documents/code/Auto-Dev-Agent/DevAgent/projects/kttech-cyber/KTechAICyberWeb/src/composables/useSkeleton.js": {"path":"/Users/jinbo.h/Documents/code/Auto-Dev-Agent/DevAgent/projects/kttech-cyber/KTechAICyberWeb/src/composables/useSkeleton.js","statementMap":{"0":{"start":{"line":15,"column":6},"end":{"line":15,"column":null}},"1":{"start":{"line":17,"column":19},"end":{"line":17,"column":null}},"2":{"start":{"line":18,"column":19},"end":{"line":18,"column":null}},"3":{"start":{"line":19,"column":16},"end":{"line":19,"column":null}},"4":{"start":{"line":20,"column":19},"end":{"line":20,"column":null}},"5":{"start":{"line":22,"column":21},"end":{"line":22,"column":null}},"6":{"start":{"line":24,"column":1},"end":{"line":48,"column":null}},"7":{"start":{"line":25,"column":4},"end":{"line":47,"column":null}},"8":{"start":{"line":27,"column":6},"end":{"line":30,"column":null}},"9":{"start":{"line":28,"column":8},"end":{"line":28,"column":null}},"10":{"start":{"line":29,"column":8},"end":{"line":29,"column":null}},"11":{"start":{"line":31,"column":11},"end":{"line":47,"column":null}},"12":{"start":{"line":33,"column":6},"end":{"line":46,"column":null}},"13":{"start":{"line":36,"column":10},"end":{"line":43,"column":null}},"14":{"start":{"line":37,"column":12},"end":{"line":37,"column":null}},"15":{"start":{"line":39,"column":12},"end":{"line":42,"column":null}},"16":{"start":{"line":40,"column":14},"end":{"line":40,"column":null}},"17":{"start":{"line":41,"column":14},"end":{"line":41,"column":null}},"18":{"start":{"line":50,"column":1},"end":{"line":54,"column":null}},"19":{"start":{"line":51,"column":4},"end":{"line":53,"column":null}},"20":{"start":{"line":52,"column":6},"end":{"line":52,"column":null}},"21":{"start":{"line":56,"column":2},"end":{"line":61,"column":null}},"22":{"start":{"line":69,"column":19},"end":{"line":69,"column":null}},"23":{"start":{"line":70,"column":18},"end":{"line":70,"column":null}},"24":{"start":{"line":71,"column":20},"end":{"line":71,"column":null}},"25":{"start":{"line":73,"column":23},"end":{"line":94,"column":null}},"26":{"start":{"line":74,"column":21},"end":{"line":74,"column":25}},"27":{"start":{"line":75,"column":21},"end":{"line":75,"column":23}},"28":{"start":{"line":76,"column":22},"end":{"line":76,"column":null}},"29":{"start":{"line":78,"column":18},"end":{"line":91,"column":null}},"30":{"start":{"line":79,"column":6},"end":{"line":79,"column":null}},"31":{"start":{"line":81,"column":6},"end":{"line":90,"column":null}},"32":{"start":{"line":82,"column":8},"end":{"line":82,"column":null}},"33":{"start":{"line":83,"column":8},"end":{"line":83,"column":null}},"34":{"start":{"line":86,"column":8},"end":{"line":89,"column":null}},"35":{"start":{"line":87,"column":10},"end":{"line":87,"column":null}},"36":{"start":{"line":88,"column":10},"end":{"line":88,"column":null}},"37":{"start":{"line":93,"column":4},"end":{"line":93,"column":null}},"38":{"start":{"line":93,"column":17},"end":{"line":93,"column":null}},"39":{"start":{"line":96,"column":2},"end":{"line":101,"column":null}}},"fnMap":{"0":{"name":"useSkeleton","decl":{"start":{"line":11,"column":16},"end":{"line":11,"column":27}},"loc":{"start":{"line":11,"column":42},"end":{"line":62,"column":null}},"line":11},"1":{"name":"(anonymous_1)","decl":{"start":{"line":24,"column":12},"end":{"line":24,"column":13}},"loc":{"start":{"line":24,"column":18},"end":{"line":48,"column":3}},"line":24},"2":{"name":"(anonymous_2)","decl":{"start":{"line":27,"column":17},"end":{"line":27,"column":18}},"loc":{"start":{"line":27,"column":23},"end":{"line":30,"column":7}},"line":27},"3":{"name":"(anonymous_3)","decl":{"start":{"line":35,"column":8},"end":{"line":35,"column":9}},"loc":{"start":{"line":35,"column":34},"end":{"line":44,"column":9}},"line":35},"4":{"name":"(anonymous_4)","decl":{"start":{"line":39,"column":23},"end":{"line":39,"column":24}},"loc":{"start":{"line":39,"column":29},"end":{"line":42,"column":13}},"line":39},"5":{"name":"(anonymous_5)","decl":{"start":{"line":50,"column":14},"end":{"line":50,"column":15}},"loc":{"start":{"line":50,"column":20},"end":{"line":54,"column":3}},"line":50},"6":{"name":"useInitialLoading","decl":{"start":{"line":68,"column":16},"end":{"line":68,"column":33}},"loc":{"start":{"line":68,"column":36},"end":{"line":102,"column":null}},"line":68},"7":{"name":"(anonymous_7)","decl":{"start":{"line":73,"column":23},"end":{"line":73,"column":24}},"loc":{"start":{"line":73,"column":29},"end":{"line":94,"column":null}},"line":73},"8":{"name":"(anonymous_8)","decl":{"start":{"line":78,"column":30},"end":{"line":78,"column":31}},"loc":{"start":{"line":78,"column":36},"end":{"line":91,"column":5}},"line":78},"9":{"name":"(anonymous_9)","decl":{"start":{"line":86,"column":19},"end":{"line":86,"column":20}},"loc":{"start":{"line":86,"column":25},"end":{"line":89,"column":9}},"line":86},"10":{"name":"(anonymous_10)","decl":{"start":{"line":93,"column":11},"end":{"line":93,"column":12}},"loc":{"start":{"line":93,"column":17},"end":{"line":93,"column":null}},"line":93}},"branchMap":{"0":{"loc":{"start":{"line":11,"column":28},"end":{"line":11,"column":40}},"type":"default-arg","locations":[{"start":{"line":11,"column":38},"end":{"line":11,"column":40}}],"line":11},"1":{"loc":{"start":{"line":13,"column":4},"end":{"line":13,"column":21}},"type":"default-arg","locations":[{"start":{"line":13,"column":16},"end":{"line":13,"column":21}}],"line":13},"2":{"loc":{"start":{"line":14,"column":4},"end":{"line":14,"column":null}},"type":"default-arg","locations":[{"start":{"line":14,"column":16},"end":{"line":14,"column":null}}],"line":14},"3":{"loc":{"start":{"line":25,"column":4},"end":{"line":47,"column":null}},"type":"if","locations":[{"start":{"line":25,"column":4},"end":{"line":47,"column":null}},{"start":{"line":31,"column":11},"end":{"line":47,"column":null}}],"line":25},"4":{"loc":{"start":{"line":31,"column":11},"end":{"line":47,"column":null}},"type":"if","locations":[{"start":{"line":31,"column":11},"end":{"line":47,"column":null}},{"start":{},"end":{}}],"line":31},"5":{"loc":{"start":{"line":36,"column":10},"end":{"line":43,"column":null}},"type":"if","locations":[{"start":{"line":36,"column":10},"end":{"line":43,"column":null}},{"start":{},"end":{}}],"line":36},"6":{"loc":{"start":{"line":36,"column":14},"end":{"line":36,"column":48}},"type":"binary-expr","locations":[{"start":{"line":36,"column":14},"end":{"line":36,"column":28}},{"start":{"line":36,"column":32},"end":{"line":36,"column":48}}],"line":36},"7":{"loc":{"start":{"line":51,"column":4},"end":{"line":53,"column":null}},"type":"if","locations":[{"start":{"line":51,"column":4},"end":{"line":53,"column":null}},{"start":{},"end":{}}],"line":51},"8":{"loc":{"start":{"line":81,"column":6},"end":{"line":90,"column":null}},"type":"if","locations":[{"start":{"line":81,"column":6},"end":{"line":90,"column":null}},{"start":{},"end":{}}],"line":81}},"s":{"0":29,"1":29,"2":29,"3":29,"4":29,"5":29,"6":29,"7":29,"8":0,"9":0,"10":0,"11":29,"12":0,"13":0,"14":0,"15":0,"16":0,"17":0,"18":29,"19":29,"20":0,"21":29,"22":0,"23":0,"24":0,"25":0,"26":0,"27":0,"28":0,"29":0,"30":0,"31":0,"32":0,"33":0,"34":0,"35":0,"36":0,"37":0,"38":0,"39":0},"f":{"0":29,"1":29,"2":0,"3":0,"4":0,"5":29,"6":0,"7":0,"8":0,"9":0,"10":0},"b":{"0":[29],"1":[29],"2":[29],"3":[0,29],"4":[0,29],"5":[0,0],"6":[0,0],"7":[0,29],"8":[0,0]},"meta":{"lastBranch":9,"lastFunction":11,"lastStatement":40,"seen":{"f:11:16:11:27":0,"b:11:38:11:40":0,"s:15:6:15:Infinity":0,"b:13:16:13:21":1,"b:14:16:14:Infinity":2,"s:17:19:17:Infinity":1,"s:18:19:18:Infinity":2,"s:19:16:19:Infinity":3,"s:20:19:20:Infinity":4,"s:22:21:22:Infinity":5,"s:24:1:48:Infinity":6,"f:24:12:24:13":1,"b:25:4:47:Infinity:31:11:47:Infinity":3,"s:25:4:47:Infinity":7,"s:27:6:30:Infinity":8,"f:27:17:27:18":2,"s:28:8:28:Infinity":9,"s:29:8:29:Infinity":10,"b:31:11:47:Infinity:undefined:undefined:undefined:undefined":4,"s:31:11:47:Infinity":11,"s:33:6:46:Infinity":12,"f:35:8:35:9":3,"b:36:10:43:Infinity:undefined:undefined:undefined:undefined":5,"s:36:10:43:Infinity":13,"b:36:14:36:28:36:32:36:48":6,"s:37:12:37:Infinity":14,"s:39:12:42:Infinity":15,"f:39:23:39:24":4,"s:40:14:40:Infinity":16,"s:41:14:41:Infinity":17,"s:50:1:54:Infinity":18,"f:50:14:50:15":5,"b:51:4:53:Infinity:undefined:undefined:undefined:undefined":7,"s:51:4:53:Infinity":19,"s:52:6:52:Infinity":20,"s:56:2:61:Infinity":21,"f:68:16:68:33":6,"s:69:19:69:Infinity":22,"s:70:18:70:Infinity":23,"s:71:20:71:Infinity":24,"s:73:23:94:Infinity":25,"f:73:23:73:24":7,"s:74:21:74:25":26,"s:75:21:75:23":27,"s:76:22:76:Infinity":28,"s:78:18:91:Infinity":29,"f:78:30:78:31":8,"s:79:6:79:Infinity":30,"b:81:6:90:Infinity:undefined:undefined:undefined:undefined":8,"s:81:6:90:Infinity":31,"s:82:8:82:Infinity":32,"s:83:8:83:Infinity":33,"s:86:8:89:Infinity":34,"f:86:19:86:20":9,"s:87:10:87:Infinity":35,"s:88:10:88:Infinity":36,"s:93:4:93:Infinity":37,"f:93:11:93:12":10,"s:93:17:93:Infinity":38,"s:96:2:101:Infinity":39},"fnNames":{}}}
}
