{"/Users/jinbo.h/Documents/code/Auto-Dev-Agent/KTechAICyberWeb/src/stores/app.js": {"path":"/Users/jinbo.h/Documents/code/Auto-Dev-Agent/KTechAICyberWeb/src/stores/app.js","statementMap":{"0":{"start":{"line":9,"column":20},"end":{"line":9,"column":null}},"1":{"start":{"line":11,"column":26},"end":{"line":108,"column":null}},"2":{"start":{"line":13,"column":19},"end":{"line":13,"column":null}},"3":{"start":{"line":14,"column":15},"end":{"line":14,"column":null}},"4":{"start":{"line":15,"column":28},"end":{"line":15,"column":null}},"5":{"start":{"line":16,"column":23},"end":{"line":16,"column":null}},"6":{"start":{"line":17,"column":21},"end":{"line":17,"column":null}},"7":{"start":{"line":20,"column":18},"end":{"line":20,"column":null}},"8":{"start":{"line":20,"column":34},"end":{"line":20,"column":54}},"9":{"start":{"line":21,"column":21},"end":{"line":21,"column":null}},"10":{"start":{"line":21,"column":37},"end":{"line":21,"column":63}},"11":{"start":{"line":22,"column":27},"end":{"line":22,"column":null}},"12":{"start":{"line":22,"column":43},"end":{"line":22,"column":69}},"13":{"start":{"line":26,"column":4},"end":{"line":26,"column":null}},"14":{"start":{"line":30,"column":4},"end":{"line":30,"column":null}},"15":{"start":{"line":34,"column":4},"end":{"line":34,"column":null}},"16":{"start":{"line":38,"column":4},"end":{"line":38,"column":null}},"17":{"start":{"line":39,"column":4},"end":{"line":43,"column":null}},"18":{"start":{"line":40,"column":6},"end":{"line":40,"column":null}},"19":{"start":{"line":42,"column":6},"end":{"line":42,"column":null}},"20":{"start":{"line":47,"column":4},"end":{"line":47,"column":null}},"21":{"start":{"line":48,"column":4},"end":{"line":52,"column":null}},"22":{"start":{"line":49,"column":6},"end":{"line":49,"column":null}},"23":{"start":{"line":51,"column":6},"end":{"line":51,"column":null}},"24":{"start":{"line":56,"column":4},"end":{"line":63,"column":null}},"25":{"start":{"line":57,"column":20},"end":{"line":57,"column":null}},"26":{"start":{"line":58,"column":6},"end":{"line":60,"column":null}},"27":{"start":{"line":59,"column":8},"end":{"line":59,"column":null}},"28":{"start":{"line":62,"column":6},"end":{"line":62,"column":null}},"29":{"start":{"line":67,"column":15},"end":{"line":67,"column":null}},"30":{"start":{"line":68,"column":4},"end":{"line":68,"column":null}},"31":{"start":{"line":72,"column":4},"end":{"line":72,"column":null}},"32":{"start":{"line":72,"column":58},"end":{"line":72,"column":69}},"33":{"start":{"line":76,"column":4},"end":{"line":76,"column":null}},"34":{"start":{"line":80,"column":4},"end":{"line":80,"column":null}},"35":{"start":{"line":84,"column":4},"end":{"line":84,"column":null}},"36":{"start":{"line":87,"column":2},"end":{"line":107,"column":null}}},"fnMap":{"0":{"name":"(anonymous_0)","decl":{"start":{"line":11,"column":46},"end":{"line":11,"column":47}},"loc":{"start":{"line":11,"column":52},"end":{"line":108,"column":1}},"line":11},"1":{"name":"(anonymous_1)","decl":{"start":{"line":20,"column":28},"end":{"line":20,"column":29}},"loc":{"start":{"line":20,"column":34},"end":{"line":20,"column":54}},"line":20},"2":{"name":"(anonymous_2)","decl":{"start":{"line":21,"column":31},"end":{"line":21,"column":32}},"loc":{"start":{"line":21,"column":37},"end":{"line":21,"column":63}},"line":21},"3":{"name":"(anonymous_3)","decl":{"start":{"line":22,"column":37},"end":{"line":22,"column":38}},"loc":{"start":{"line":22,"column":43},"end":{"line":22,"column":69}},"line":22},"4":{"name":"setLoading","decl":{"start":{"line":25,"column":11},"end":{"line":25,"column":21}},"loc":{"start":{"line":25,"column":31},"end":{"line":27,"column":null}},"line":25},"5":{"name":"setError","decl":{"start":{"line":29,"column":11},"end":{"line":29,"column":19}},"loc":{"start":{"line":29,"column":34},"end":{"line":31,"column":null}},"line":29},"6":{"name":"clearError","decl":{"start":{"line":33,"column":11},"end":{"line":33,"column":21}},"loc":{"start":{"line":33,"column":24},"end":{"line":35,"column":null}},"line":33},"7":{"name":"toggleSidebar","decl":{"start":{"line":37,"column":11},"end":{"line":37,"column":24}},"loc":{"start":{"line":37,"column":27},"end":{"line":44,"column":null}},"line":37},"8":{"name":"setSidebarCollapsed","decl":{"start":{"line":46,"column":11},"end":{"line":46,"column":30}},"loc":{"start":{"line":46,"column":42},"end":{"line":53,"column":null}},"line":46},"9":{"name":"initSidebar","decl":{"start":{"line":55,"column":11},"end":{"line":55,"column":22}},"loc":{"start":{"line":55,"column":25},"end":{"line":64,"column":null}},"line":55},"10":{"name":"addNotification","decl":{"start":{"line":66,"column":11},"end":{"line":66,"column":26}},"loc":{"start":{"line":66,"column":41},"end":{"line":69,"column":null}},"line":66},"11":{"name":"removeNotification","decl":{"start":{"line":71,"column":11},"end":{"line":71,"column":29}},"loc":{"start":{"line":71,"column":34},"end":{"line":73,"column":null}},"line":71},"12":{"name":"(anonymous_12)","decl":{"start":{"line":72,"column":53},"end":{"line":72,"column":54}},"loc":{"start":{"line":72,"column":58},"end":{"line":72,"column":69}},"line":72},"13":{"name":"clearNotifications","decl":{"start":{"line":75,"column":11},"end":{"line":75,"column":29}},"loc":{"start":{"line":75,"column":32},"end":{"line":77,"column":null}},"line":75},"14":{"name":"openModal","decl":{"start":{"line":79,"column":11},"end":{"line":79,"column":20}},"loc":{"start":{"line":79,"column":32},"end":{"line":81,"column":null}},"line":79},"15":{"name":"closeModal","decl":{"start":{"line":83,"column":11},"end":{"line":83,"column":21}},"loc":{"start":{"line":83,"column":24},"end":{"line":85,"column":null}},"line":83}},"branchMap":{"0":{"loc":{"start":{"line":58,"column":6},"end":{"line":60,"column":null}},"type":"if","locations":[{"start":{"line":58,"column":6},"end":{"line":60,"column":null}},{"start":{},"end":{}}],"line":58},"1":{"loc":{"start":{"line":67,"column":15},"end":{"line":67,"column":null}},"type":"binary-expr","locations":[{"start":{"line":67,"column":15},"end":{"line":67,"column":30}},{"start":{"line":67,"column":34},"end":{"line":67,"column":null}}],"line":67}},"s":{"0":1,"1":1,"2":31,"3":31,"4":31,"5":31,"6":31,"7":31,"8":3,"9":31,"10":4,"11":31,"12":3,"13":4,"14":3,"15":2,"16":1,"17":1,"18":1,"19":1,"20":4,"21":4,"22":4,"23":3,"24":3,"25":3,"26":3,"27":1,"28":1,"29":12,"30":12,"31":1,"32":2,"33":1,"34":4,"35":2,"36":31},"f":{"0":31,"1":3,"2":4,"3":3,"4":4,"5":3,"6":2,"7":1,"8":4,"9":3,"10":12,"11":1,"12":2,"13":1,"14":4,"15":2},"b":{"0":[1,2],"1":[12,5]},"meta":{"lastBranch":2,"lastFunction":16,"lastStatement":37,"seen":{"s:9:20:9:Infinity":0,"s:11:26:108:Infinity":1,"f:11:46:11:47":0,"s:13:19:13:Infinity":2,"s:14:15:14:Infinity":3,"s:15:28:15:Infinity":4,"s:16:23:16:Infinity":5,"s:17:21:17:Infinity":6,"s:20:18:20:Infinity":7,"f:20:28:20:29":1,"s:20:34:20:54":8,"s:21:21:21:Infinity":9,"f:21:31:21:32":2,"s:21:37:21:63":10,"s:22:27:22:Infinity":11,"f:22:37:22:38":3,"s:22:43:22:69":12,"f:25:11:25:21":4,"s:26:4:26:Infinity":13,"f:29:11:29:19":5,"s:30:4:30:Infinity":14,"f:33:11:33:21":6,"s:34:4:34:Infinity":15,"f:37:11:37:24":7,"s:38:4:38:Infinity":16,"s:39:4:43:Infinity":17,"s:40:6:40:Infinity":18,"s:42:6:42:Infinity":19,"f:46:11:46:30":8,"s:47:4:47:Infinity":20,"s:48:4:52:Infinity":21,"s:49:6:49:Infinity":22,"s:51:6:51:Infinity":23,"f:55:11:55:22":9,"s:56:4:63:Infinity":24,"s:57:20:57:Infinity":25,"b:58:6:60:Infinity:undefined:undefined:undefined:undefined":0,"s:58:6:60:Infinity":26,"s:59:8:59:Infinity":27,"s:62:6:62:Infinity":28,"f:66:11:66:26":10,"s:67:15:67:Infinity":29,"b:67:15:67:30:67:34:67:Infinity":1,"s:68:4:68:Infinity":30,"f:71:11:71:29":11,"s:72:4:72:Infinity":31,"f:72:53:72:54":12,"s:72:58:72:69":32,"f:75:11:75:29":13,"s:76:4:76:Infinity":33,"f:79:11:79:20":14,"s:80:4:80:Infinity":34,"f:83:11:83:21":15,"s:84:4:84:Infinity":35,"s:87:2:107:Infinity":36},"fnNames":{}}}
,"/Users/jinbo.h/Documents/code/Auto-Dev-Agent/KTechAICyberWeb/src/stores/language.js": {"path":"/Users/jinbo.h/Documents/code/Auto-Dev-Agent/KTechAICyberWeb/src/stores/language.js","statementMap":{"0":{"start":{"line":9,"column":21},"end":{"line":9,"column":null}},"1":{"start":{"line":10,"column":25},"end":{"line":10,"column":null}},"2":{"start":{"line":11,"column":18},"end":{"line":11,"column":null}},"3":{"start":{"line":13,"column":31},"end":{"line":103,"column":null}},"4":{"start":{"line":15,"column":22},"end":{"line":15,"column":null}},"5":{"start":{"line":16,"column":25},"end":{"line":16,"column":null}},"6":{"start":{"line":19,"column":25},"end":{"line":21,"column":null}},"7":{"start":{"line":20,"column":4},"end":{"line":20,"column":null}},"8":{"start":{"line":23,"column":19},"end":{"line":25,"column":null}},"9":{"start":{"line":24,"column":4},"end":{"line":24,"column":null}},"10":{"start":{"line":27,"column":19},"end":{"line":27,"column":null}},"11":{"start":{"line":27,"column":35},"end":{"line":27,"column":44}},"12":{"start":{"line":31,"column":4},"end":{"line":33,"column":null}},"13":{"start":{"line":32,"column":6},"end":{"line":32,"column":null}},"14":{"start":{"line":35,"column":4},"end":{"line":43,"column":null}},"15":{"start":{"line":36,"column":23},"end":{"line":36,"column":null}},"16":{"start":{"line":37,"column":19},"end":{"line":37,"column":null}},"17":{"start":{"line":38,"column":6},"end":{"line":38,"column":null}},"18":{"start":{"line":39,"column":6},"end":{"line":39,"column":null}},"19":{"start":{"line":41,"column":6},"end":{"line":41,"column":null}},"20":{"start":{"line":42,"column":6},"end":{"line":42,"column":null}},"21":{"start":{"line":47,"column":4},"end":{"line":49,"column":null}},"22":{"start":{"line":48,"column":6},"end":{"line":48,"column":null}},"23":{"start":{"line":53,"column":4},"end":{"line":64,"column":null}},"24":{"start":{"line":54,"column":20},"end":{"line":54,"column":null}},"25":{"start":{"line":55,"column":6},"end":{"line":59,"column":null}},"26":{"start":{"line":56,"column":8},"end":{"line":56,"column":null}},"27":{"start":{"line":58,"column":8},"end":{"line":58,"column":null}},"28":{"start":{"line":60,"column":6},"end":{"line":60,"column":null}},"29":{"start":{"line":62,"column":6},"end":{"line":62,"column":null}},"30":{"start":{"line":63,"column":6},"end":{"line":63,"column":null}},"31":{"start":{"line":68,"column":4},"end":{"line":76,"column":null}},"32":{"start":{"line":69,"column":6},"end":{"line":69,"column":null}},"33":{"start":{"line":70,"column":6},"end":{"line":74,"column":null}},"34":{"start":{"line":71,"column":8},"end":{"line":71,"column":null}},"35":{"start":{"line":73,"column":8},"end":{"line":73,"column":null}},"36":{"start":{"line":75,"column":6},"end":{"line":75,"column":null}},"37":{"start":{"line":80,"column":20},"end":{"line":80,"column":null}},"38":{"start":{"line":81,"column":4},"end":{"line":81,"column":null}},"39":{"start":{"line":85,"column":29},"end":{"line":85,"column":null}},"40":{"start":{"line":86,"column":18},"end":{"line":86,"column":null}},"41":{"start":{"line":87,"column":4},"end":{"line":87,"column":null}},"42":{"start":{"line":90,"column":2},"end":{"line":102,"column":null}}},"fnMap":{"0":{"name":"(anonymous_0)","decl":{"start":{"line":13,"column":56},"end":{"line":13,"column":57}},"loc":{"start":{"line":13,"column":62},"end":{"line":103,"column":1}},"line":13},"1":{"name":"(anonymous_1)","decl":{"start":{"line":19,"column":35},"end":{"line":19,"column":36}},"loc":{"start":{"line":19,"column":41},"end":{"line":21,"column":3}},"line":19},"2":{"name":"(anonymous_2)","decl":{"start":{"line":23,"column":29},"end":{"line":23,"column":30}},"loc":{"start":{"line":23,"column":35},"end":{"line":25,"column":3}},"line":23},"3":{"name":"(anonymous_3)","decl":{"start":{"line":27,"column":29},"end":{"line":27,"column":30}},"loc":{"start":{"line":27,"column":35},"end":{"line":27,"column":44}},"line":27},"4":{"name":"loadTranslations","decl":{"start":{"line":30,"column":17},"end":{"line":30,"column":33}},"loc":{"start":{"line":30,"column":40},"end":{"line":44,"column":null}},"line":30},"5":{"name":"getNestedValue","decl":{"start":{"line":46,"column":11},"end":{"line":46,"column":25}},"loc":{"start":{"line":46,"column":37},"end":{"line":50,"column":null}},"line":46},"6":{"name":"(anonymous_6)","decl":{"start":{"line":47,"column":34},"end":{"line":47,"column":35}},"loc":{"start":{"line":47,"column":52},"end":{"line":49,"column":5}},"line":47},"7":{"name":"initLanguage","decl":{"start":{"line":52,"column":11},"end":{"line":52,"column":23}},"loc":{"start":{"line":52,"column":26},"end":{"line":65,"column":null}},"line":52},"8":{"name":"setLanguage","decl":{"start":{"line":67,"column":11},"end":{"line":67,"column":22}},"loc":{"start":{"line":67,"column":29},"end":{"line":77,"column":null}},"line":67},"9":{"name":"toggleLanguage","decl":{"start":{"line":79,"column":11},"end":{"line":79,"column":25}},"loc":{"start":{"line":79,"column":28},"end":{"line":82,"column":null}},"line":79},"10":{"name":"t","decl":{"start":{"line":84,"column":11},"end":{"line":84,"column":12}},"loc":{"start":{"line":84,"column":18},"end":{"line":88,"column":null}},"line":84}},"branchMap":{"0":{"loc":{"start":{"line":20,"column":11},"end":{"line":20,"column":null}},"type":"cond-expr","locations":[{"start":{"line":20,"column":44},"end":{"line":20,"column":48}},{"start":{"line":20,"column":51},"end":{"line":20,"column":null}}],"line":20},"1":{"loc":{"start":{"line":31,"column":4},"end":{"line":33,"column":null}},"type":"if","locations":[{"start":{"line":31,"column":4},"end":{"line":33,"column":null}},{"start":{},"end":{}}],"line":31},"2":{"loc":{"start":{"line":55,"column":6},"end":{"line":59,"column":null}},"type":"if","locations":[{"start":{"line":55,"column":6},"end":{"line":59,"column":null}},{"start":{"line":57,"column":13},"end":{"line":59,"column":null}}],"line":55},"3":{"loc":{"start":{"line":55,"column":10},"end":{"line":55,"column":44}},"type":"binary-expr","locations":[{"start":{"line":55,"column":10},"end":{"line":55,"column":15}},{"start":{"line":55,"column":19},"end":{"line":55,"column":44}}],"line":55},"4":{"loc":{"start":{"line":68,"column":4},"end":{"line":76,"column":null}},"type":"if","locations":[{"start":{"line":68,"column":4},"end":{"line":76,"column":null}},{"start":{},"end":{}}],"line":68},"5":{"loc":{"start":{"line":80,"column":20},"end":{"line":80,"column":null}},"type":"cond-expr","locations":[{"start":{"line":80,"column":53},"end":{"line":80,"column":57}},{"start":{"line":80,"column":60},"end":{"line":80,"column":null}}],"line":80},"6":{"loc":{"start":{"line":85,"column":29},"end":{"line":85,"column":null}},"type":"binary-expr","locations":[{"start":{"line":85,"column":29},"end":{"line":85,"column":70}},{"start":{"line":85,"column":74},"end":{"line":85,"column":null}}],"line":85},"7":{"loc":{"start":{"line":87,"column":11},"end":{"line":87,"column":null}},"type":"binary-expr","locations":[{"start":{"line":87,"column":11},"end":{"line":87,"column":16}},{"start":{"line":87,"column":20},"end":{"line":87,"column":null}}],"line":87}},"s":{"0":1,"1":1,"2":1,"3":1,"4":32,"5":32,"6":32,"7":2,"8":32,"9":2,"10":32,"11":1,"12":25,"13":1,"14":24,"15":24,"16":23,"17":22,"18":22,"19":2,"20":2,"21":9,"22":18,"23":5,"24":5,"25":5,"26":1,"27":3,"28":4,"29":1,"30":1,"31":7,"32":6,"33":6,"34":6,"35":0,"36":6,"37":3,"38":3,"39":6,"40":6,"41":6,"42":32},"f":{"0":32,"1":2,"2":2,"3":1,"4":25,"5":9,"6":18,"7":5,"8":7,"9":3,"10":6},"b":{"0":[1,1],"1":[1,24],"2":[1,3],"3":[5,2],"4":[6,1],"5":[2,1],"6":[6,1],"7":[6,3]},"meta":{"lastBranch":8,"lastFunction":11,"lastStatement":43,"seen":{"s:9:21:9:Infinity":0,"s:10:25:10:Infinity":1,"s:11:18:11:Infinity":2,"s:13:31:103:Infinity":3,"f:13:56:13:57":0,"s:15:22:15:Infinity":4,"s:16:25:16:Infinity":5,"s:19:25:21:Infinity":6,"f:19:35:19:36":1,"s:20:4:20:Infinity":7,"b:20:44:20:48:20:51:20:Infinity":0,"s:23:19:25:Infinity":8,"f:23:29:23:30":2,"s:24:4:24:Infinity":9,"s:27:19:27:Infinity":10,"f:27:29:27:30":3,"s:27:35:27:44":11,"f:30:17:30:33":4,"b:31:4:33:Infinity:undefined:undefined:undefined:undefined":1,"s:31:4:33:Infinity":12,"s:32:6:32:Infinity":13,"s:35:4:43:Infinity":14,"s:36:23:36:Infinity":15,"s:37:19:37:Infinity":16,"s:38:6:38:Infinity":17,"s:39:6:39:Infinity":18,"s:41:6:41:Infinity":19,"s:42:6:42:Infinity":20,"f:46:11:46:25":5,"s:47:4:49:Infinity":21,"f:47:34:47:35":6,"s:48:6:48:Infinity":22,"f:52:11:52:23":7,"s:53:4:64:Infinity":23,"s:54:20:54:Infinity":24,"b:55:6:59:Infinity:57:13:59:Infinity":2,"s:55:6:59:Infinity":25,"b:55:10:55:15:55:19:55:44":3,"s:56:8:56:Infinity":26,"s:58:8:58:Infinity":27,"s:60:6:60:Infinity":28,"s:62:6:62:Infinity":29,"s:63:6:63:Infinity":30,"f:67:11:67:22":8,"b:68:4:76:Infinity:undefined:undefined:undefined:undefined":4,"s:68:4:76:Infinity":31,"s:69:6:69:Infinity":32,"s:70:6:74:Infinity":33,"s:71:8:71:Infinity":34,"s:73:8:73:Infinity":35,"s:75:6:75:Infinity":36,"f:79:11:79:25":9,"s:80:20:80:Infinity":37,"b:80:53:80:57:80:60:80:Infinity":5,"s:81:4:81:Infinity":38,"f:84:11:84:12":10,"s:85:29:85:Infinity":39,"b:85:29:85:70:85:74:85:Infinity":6,"s:86:18:86:Infinity":40,"s:87:4:87:Infinity":41,"b:87:11:87:16:87:20:87:Infinity":7,"s:90:2:102:Infinity":42},"fnNames":{}}}
,"/Users/jinbo.h/Documents/code/Auto-Dev-Agent/KTechAICyberWeb/src/stores/theme.js": {"path":"/Users/jinbo.h/Documents/code/Auto-Dev-Agent/KTechAICyberWeb/src/stores/theme.js","statementMap":{"0":{"start":{"line":9,"column":18},"end":{"line":9,"column":null}},"1":{"start":{"line":10,"column":22},"end":{"line":10,"column":null}},"2":{"start":{"line":11,"column":15},"end":{"line":11,"column":null}},"3":{"start":{"line":13,"column":28},"end":{"line":81,"column":null}},"4":{"start":{"line":15,"column":22},"end":{"line":15,"column":null}},"5":{"start":{"line":18,"column":22},"end":{"line":20,"column":null}},"6":{"start":{"line":19,"column":4},"end":{"line":19,"column":null}},"7":{"start":{"line":22,"column":16},"end":{"line":24,"column":null}},"8":{"start":{"line":23,"column":4},"end":{"line":23,"column":null}},"9":{"start":{"line":26,"column":16},"end":{"line":26,"column":null}},"10":{"start":{"line":26,"column":32},"end":{"line":26,"column":38}},"11":{"start":{"line":30,"column":4},"end":{"line":45,"column":null}},"12":{"start":{"line":31,"column":20},"end":{"line":31,"column":null}},"13":{"start":{"line":32,"column":6},"end":{"line":38,"column":null}},"14":{"start":{"line":33,"column":8},"end":{"line":33,"column":null}},"15":{"start":{"line":36,"column":28},"end":{"line":36,"column":null}},"16":{"start":{"line":37,"column":8},"end":{"line":37,"column":null}},"17":{"start":{"line":39,"column":6},"end":{"line":39,"column":null}},"18":{"start":{"line":42,"column":6},"end":{"line":42,"column":null}},"19":{"start":{"line":43,"column":6},"end":{"line":43,"column":null}},"20":{"start":{"line":44,"column":6},"end":{"line":44,"column":null}},"21":{"start":{"line":49,"column":4},"end":{"line":57,"column":null}},"22":{"start":{"line":50,"column":6},"end":{"line":50,"column":null}},"23":{"start":{"line":51,"column":6},"end":{"line":55,"column":null}},"24":{"start":{"line":52,"column":8},"end":{"line":52,"column":null}},"25":{"start":{"line":54,"column":8},"end":{"line":54,"column":null}},"26":{"start":{"line":56,"column":6},"end":{"line":56,"column":null}},"27":{"start":{"line":61,"column":21},"end":{"line":61,"column":null}},"28":{"start":{"line":62,"column":4},"end":{"line":62,"column":null}},"29":{"start":{"line":66,"column":4},"end":{"line":68,"column":null}},"30":{"start":{"line":67,"column":6},"end":{"line":67,"column":null}},"31":{"start":{"line":71,"column":2},"end":{"line":80,"column":null}}},"fnMap":{"0":{"name":"(anonymous_0)","decl":{"start":{"line":13,"column":50},"end":{"line":13,"column":51}},"loc":{"start":{"line":13,"column":56},"end":{"line":81,"column":1}},"line":13},"1":{"name":"(anonymous_1)","decl":{"start":{"line":18,"column":32},"end":{"line":18,"column":33}},"loc":{"start":{"line":18,"column":38},"end":{"line":20,"column":3}},"line":18},"2":{"name":"(anonymous_2)","decl":{"start":{"line":22,"column":26},"end":{"line":22,"column":27}},"loc":{"start":{"line":22,"column":32},"end":{"line":24,"column":3}},"line":22},"3":{"name":"(anonymous_3)","decl":{"start":{"line":26,"column":26},"end":{"line":26,"column":27}},"loc":{"start":{"line":26,"column":32},"end":{"line":26,"column":38}},"line":26},"4":{"name":"initTheme","decl":{"start":{"line":29,"column":11},"end":{"line":29,"column":20}},"loc":{"start":{"line":29,"column":23},"end":{"line":46,"column":null}},"line":29},"5":{"name":"setTheme","decl":{"start":{"line":48,"column":11},"end":{"line":48,"column":19}},"loc":{"start":{"line":48,"column":27},"end":{"line":58,"column":null}},"line":48},"6":{"name":"toggleTheme","decl":{"start":{"line":60,"column":11},"end":{"line":60,"column":22}},"loc":{"start":{"line":60,"column":25},"end":{"line":63,"column":null}},"line":60},"7":{"name":"applyTheme","decl":{"start":{"line":65,"column":11},"end":{"line":65,"column":21}},"loc":{"start":{"line":65,"column":29},"end":{"line":69,"column":null}},"line":65}},"branchMap":{"0":{"loc":{"start":{"line":19,"column":11},"end":{"line":19,"column":null}},"type":"cond-expr","locations":[{"start":{"line":19,"column":43},"end":{"line":19,"column":49}},{"start":{"line":19,"column":52},"end":{"line":19,"column":null}}],"line":19},"1":{"loc":{"start":{"line":32,"column":6},"end":{"line":38,"column":null}},"type":"if","locations":[{"start":{"line":32,"column":6},"end":{"line":38,"column":null}},{"start":{"line":34,"column":13},"end":{"line":38,"column":null}}],"line":32},"2":{"loc":{"start":{"line":32,"column":10},"end":{"line":32,"column":41}},"type":"binary-expr","locations":[{"start":{"line":32,"column":10},"end":{"line":32,"column":15}},{"start":{"line":32,"column":19},"end":{"line":32,"column":41}}],"line":32},"3":{"loc":{"start":{"line":37,"column":29},"end":{"line":37,"column":null}},"type":"cond-expr","locations":[{"start":{"line":37,"column":43},"end":{"line":37,"column":49}},{"start":{"line":37,"column":52},"end":{"line":37,"column":null}}],"line":37},"4":{"loc":{"start":{"line":49,"column":4},"end":{"line":57,"column":null}},"type":"if","locations":[{"start":{"line":49,"column":4},"end":{"line":57,"column":null}},{"start":{},"end":{}}],"line":49},"5":{"loc":{"start":{"line":61,"column":21},"end":{"line":61,"column":null}},"type":"cond-expr","locations":[{"start":{"line":61,"column":53},"end":{"line":61,"column":60}},{"start":{"line":61,"column":63},"end":{"line":61,"column":null}}],"line":61},"6":{"loc":{"start":{"line":66,"column":4},"end":{"line":68,"column":null}},"type":"if","locations":[{"start":{"line":66,"column":4},"end":{"line":68,"column":null}},{"start":{},"end":{}}],"line":66},"7":{"loc":{"start":{"line":66,"column":8},"end":{"line":66,"column":67}},"type":"binary-expr","locations":[{"start":{"line":66,"column":8},"end":{"line":66,"column":39}},{"start":{"line":66,"column":43},"end":{"line":66,"column":67}}],"line":66}},"s":{"0":1,"1":1,"2":1,"3":1,"4":22,"5":22,"6":2,"7":22,"8":2,"9":22,"10":1,"11":5,"12":5,"13":5,"14":1,"15":3,"16":3,"17":4,"18":1,"19":1,"20":1,"21":8,"22":7,"23":7,"24":7,"25":1,"26":7,"27":3,"28":3,"29":16,"30":14,"31":22},"f":{"0":22,"1":2,"2":2,"3":1,"4":5,"5":8,"6":3,"7":16},"b":{"0":[1,1],"1":[1,3],"2":[5,2],"3":[3,0],"4":[7,1],"5":[2,1],"6":[14,2],"7":[16,15]},"meta":{"lastBranch":8,"lastFunction":8,"lastStatement":32,"seen":{"s:9:18:9:Infinity":0,"s:10:22:10:Infinity":1,"s:11:15:11:Infinity":2,"s:13:28:81:Infinity":3,"f:13:50:13:51":0,"s:15:22:15:Infinity":4,"s:18:22:20:Infinity":5,"f:18:32:18:33":1,"s:19:4:19:Infinity":6,"b:19:43:19:49:19:52:19:Infinity":0,"s:22:16:24:Infinity":7,"f:22:26:22:27":2,"s:23:4:23:Infinity":8,"s:26:16:26:Infinity":9,"f:26:26:26:27":3,"s:26:32:26:38":10,"f:29:11:29:20":4,"s:30:4:45:Infinity":11,"s:31:20:31:Infinity":12,"b:32:6:38:Infinity:34:13:38:Infinity":1,"s:32:6:38:Infinity":13,"b:32:10:32:15:32:19:32:41":2,"s:33:8:33:Infinity":14,"s:36:28:36:Infinity":15,"s:37:8:37:Infinity":16,"b:37:43:37:49:37:52:37:Infinity":3,"s:39:6:39:Infinity":17,"s:42:6:42:Infinity":18,"s:43:6:43:Infinity":19,"s:44:6:44:Infinity":20,"f:48:11:48:19":5,"b:49:4:57:Infinity:undefined:undefined:undefined:undefined":4,"s:49:4:57:Infinity":21,"s:50:6:50:Infinity":22,"s:51:6:55:Infinity":23,"s:52:8:52:Infinity":24,"s:54:8:54:Infinity":25,"s:56:6:56:Infinity":26,"f:60:11:60:22":6,"s:61:21:61:Infinity":27,"b:61:53:61:60:61:63:61:Infinity":5,"s:62:4:62:Infinity":28,"f:65:11:65:21":7,"b:66:4:68:Infinity:undefined:undefined:undefined:undefined":6,"s:66:4:68:Infinity":29,"b:66:8:66:39:66:43:66:67":7,"s:67:6:67:Infinity":30,"s:71:2:80:Infinity":31},"fnNames":{}}}
,"/Users/jinbo.h/Documents/code/Auto-Dev-Agent/KTechAICyberWeb/src/stores/user.js": {"path":"/Users/jinbo.h/Documents/code/Auto-Dev-Agent/KTechAICyberWeb/src/stores/user.js","statementMap":{"0":{"start":{"line":9,"column":17},"end":{"line":9,"column":null}},"1":{"start":{"line":11,"column":27},"end":{"line":93,"column":null}},"2":{"start":{"line":13,"column":14},"end":{"line":13,"column":null}},"3":{"start":{"line":14,"column":15},"end":{"line":14,"column":null}},"4":{"start":{"line":15,"column":21},"end":{"line":15,"column":null}},"5":{"start":{"line":18,"column":25},"end":{"line":20,"column":null}},"6":{"start":{"line":19,"column":4},"end":{"line":19,"column":null}},"7":{"start":{"line":22,"column":25},"end":{"line":25,"column":null}},"8":{"start":{"line":23,"column":4},"end":{"line":23,"column":null}},"9":{"start":{"line":23,"column":21},"end":{"line":23,"column":null}},"10":{"start":{"line":24,"column":4},"end":{"line":24,"column":null}},"11":{"start":{"line":29,"column":4},"end":{"line":29,"column":null}},"12":{"start":{"line":30,"column":4},"end":{"line":30,"column":null}},"13":{"start":{"line":31,"column":4},"end":{"line":31,"column":null}},"14":{"start":{"line":32,"column":4},"end":{"line":36,"column":null}},"15":{"start":{"line":33,"column":6},"end":{"line":33,"column":null}},"16":{"start":{"line":35,"column":6},"end":{"line":35,"column":null}},"17":{"start":{"line":40,"column":4},"end":{"line":40,"column":null}},"18":{"start":{"line":41,"column":4},"end":{"line":41,"column":null}},"19":{"start":{"line":42,"column":4},"end":{"line":42,"column":null}},"20":{"start":{"line":43,"column":4},"end":{"line":47,"column":null}},"21":{"start":{"line":44,"column":6},"end":{"line":44,"column":null}},"22":{"start":{"line":46,"column":6},"end":{"line":46,"column":null}},"23":{"start":{"line":51,"column":4},"end":{"line":58,"column":null}},"24":{"start":{"line":52,"column":6},"end":{"line":52,"column":null}},"25":{"start":{"line":53,"column":6},"end":{"line":57,"column":null}},"26":{"start":{"line":54,"column":8},"end":{"line":54,"column":null}},"27":{"start":{"line":56,"column":8},"end":{"line":56,"column":null}},"28":{"start":{"line":62,"column":4},"end":{"line":62,"column":null}},"29":{"start":{"line":66,"column":4},"end":{"line":66,"column":null}},"30":{"start":{"line":70,"column":4},"end":{"line":77,"column":null}},"31":{"start":{"line":71,"column":20},"end":{"line":71,"column":null}},"32":{"start":{"line":72,"column":6},"end":{"line":74,"column":null}},"33":{"start":{"line":73,"column":8},"end":{"line":73,"column":null}},"34":{"start":{"line":76,"column":6},"end":{"line":76,"column":null}},"35":{"start":{"line":80,"column":2},"end":{"line":92,"column":null}}},"fnMap":{"0":{"name":"(anonymous_0)","decl":{"start":{"line":11,"column":48},"end":{"line":11,"column":49}},"loc":{"start":{"line":11,"column":54},"end":{"line":93,"column":1}},"line":11},"1":{"name":"(anonymous_1)","decl":{"start":{"line":18,"column":35},"end":{"line":18,"column":36}},"loc":{"start":{"line":18,"column":41},"end":{"line":20,"column":3}},"line":18},"2":{"name":"(anonymous_2)","decl":{"start":{"line":22,"column":35},"end":{"line":22,"column":36}},"loc":{"start":{"line":22,"column":41},"end":{"line":25,"column":3}},"line":22},"3":{"name":"login","decl":{"start":{"line":28,"column":11},"end":{"line":28,"column":16}},"loc":{"start":{"line":28,"column":72},"end":{"line":37,"column":null}},"line":28},"4":{"name":"logout","decl":{"start":{"line":39,"column":11},"end":{"line":39,"column":17}},"loc":{"start":{"line":39,"column":20},"end":{"line":48,"column":null}},"line":39},"5":{"name":"updateUser","decl":{"start":{"line":50,"column":11},"end":{"line":50,"column":21}},"loc":{"start":{"line":50,"column":31},"end":{"line":59,"column":null}},"line":50},"6":{"name":"hasRole","decl":{"start":{"line":61,"column":11},"end":{"line":61,"column":18}},"loc":{"start":{"line":61,"column":25},"end":{"line":63,"column":null}},"line":61},"7":{"name":"hasPermission","decl":{"start":{"line":65,"column":11},"end":{"line":65,"column":24}},"loc":{"start":{"line":65,"column":37},"end":{"line":67,"column":null}},"line":65},"8":{"name":"initUser","decl":{"start":{"line":69,"column":11},"end":{"line":69,"column":19}},"loc":{"start":{"line":69,"column":22},"end":{"line":78,"column":null}},"line":69}},"branchMap":{"0":{"loc":{"start":{"line":23,"column":4},"end":{"line":23,"column":null}},"type":"if","locations":[{"start":{"line":23,"column":4},"end":{"line":23,"column":null}},{"start":{},"end":{}}],"line":23},"1":{"loc":{"start":{"line":24,"column":11},"end":{"line":24,"column":null}},"type":"binary-expr","locations":[{"start":{"line":24,"column":11},"end":{"line":24,"column":26}},{"start":{"line":24,"column":30},"end":{"line":24,"column":46}},{"start":{"line":24,"column":50},"end":{"line":24,"column":null}}],"line":24},"2":{"loc":{"start":{"line":28,"column":27},"end":{"line":28,"column":48}},"type":"default-arg","locations":[{"start":{"line":28,"column":39},"end":{"line":28,"column":48}}],"line":28},"3":{"loc":{"start":{"line":28,"column":50},"end":{"line":28,"column":70}},"type":"default-arg","locations":[{"start":{"line":28,"column":68},"end":{"line":28,"column":70}}],"line":28},"4":{"loc":{"start":{"line":51,"column":4},"end":{"line":58,"column":null}},"type":"if","locations":[{"start":{"line":51,"column":4},"end":{"line":58,"column":null}},{"start":{},"end":{}}],"line":51},"5":{"loc":{"start":{"line":62,"column":11},"end":{"line":62,"column":null}},"type":"binary-expr","locations":[{"start":{"line":62,"column":11},"end":{"line":62,"column":32}},{"start":{"line":62,"column":36},"end":{"line":62,"column":null}}],"line":62},"6":{"loc":{"start":{"line":66,"column":11},"end":{"line":66,"column":null}},"type":"binary-expr","locations":[{"start":{"line":66,"column":11},"end":{"line":66,"column":32}},{"start":{"line":66,"column":36},"end":{"line":66,"column":null}}],"line":66},"7":{"loc":{"start":{"line":72,"column":6},"end":{"line":74,"column":null}},"type":"if","locations":[{"start":{"line":72,"column":6},"end":{"line":74,"column":null}},{"start":{},"end":{}}],"line":72}},"s":{"0":1,"1":1,"2":33,"3":33,"4":33,"5":33,"6":9,"7":33,"8":5,"9":2,"10":3,"11":24,"12":24,"13":24,"14":24,"15":24,"16":21,"17":6,"18":6,"19":6,"20":6,"21":6,"22":5,"23":4,"24":3,"25":3,"26":3,"27":2,"28":6,"29":6,"30":0,"31":0,"32":0,"33":0,"34":0,"35":33},"f":{"0":33,"1":9,"2":5,"3":24,"4":6,"5":4,"6":6,"7":6,"8":0},"b":{"0":[2,3],"1":[3,2,1],"2":[24],"3":[24],"4":[3,1],"5":[6,5],"6":[6,5],"7":[0,0]},"meta":{"lastBranch":8,"lastFunction":9,"lastStatement":36,"seen":{"s:9:17:9:Infinity":0,"s:11:27:93:Infinity":1,"f:11:48:11:49":0,"s:13:14:13:Infinity":2,"s:14:15:14:Infinity":3,"s:15:21:15:Infinity":4,"s:18:25:20:Infinity":5,"f:18:35:18:36":1,"s:19:4:19:Infinity":6,"s:22:25:25:Infinity":7,"f:22:35:22:36":2,"b:23:4:23:Infinity:undefined:undefined:undefined:undefined":0,"s:23:4:23:Infinity":8,"s:23:21:23:Infinity":9,"s:24:4:24:Infinity":10,"b:24:11:24:26:24:30:24:46:24:50:24:Infinity":1,"f:28:11:28:16":3,"b:28:39:28:48":2,"b:28:68:28:70":3,"s:29:4:29:Infinity":11,"s:30:4:30:Infinity":12,"s:31:4:31:Infinity":13,"s:32:4:36:Infinity":14,"s:33:6:33:Infinity":15,"s:35:6:35:Infinity":16,"f:39:11:39:17":4,"s:40:4:40:Infinity":17,"s:41:4:41:Infinity":18,"s:42:4:42:Infinity":19,"s:43:4:47:Infinity":20,"s:44:6:44:Infinity":21,"s:46:6:46:Infinity":22,"f:50:11:50:21":5,"b:51:4:58:Infinity:undefined:undefined:undefined:undefined":4,"s:51:4:58:Infinity":23,"s:52:6:52:Infinity":24,"s:53:6:57:Infinity":25,"s:54:8:54:Infinity":26,"s:56:8:56:Infinity":27,"f:61:11:61:18":6,"s:62:4:62:Infinity":28,"b:62:11:62:32:62:36:62:Infinity":5,"f:65:11:65:24":7,"s:66:4:66:Infinity":29,"b:66:11:66:32:66:36:66:Infinity":6,"f:69:11:69:19":8,"s:70:4:77:Infinity":30,"s:71:20:71:Infinity":31,"b:72:6:74:Infinity:undefined:undefined:undefined:undefined":7,"s:72:6:74:Infinity":32,"s:73:8:73:Infinity":33,"s:76:6:76:Infinity":34,"s:80:2:92:Infinity":35},"fnNames":{}}}
,"/Users/jinbo.h/Documents/code/Auto-Dev-Agent/KTechAICyberWeb/tests/unit/stores/setup.js": {"path":"/Users/jinbo.h/Documents/code/Auto-Dev-Agent/KTechAICyberWeb/tests/unit/stores/setup.js","statementMap":{"0":{"start":{"line":13,"column":15},"end":{"line":13,"column":null}},"1":{"start":{"line":14,"column":1},"end":{"line":14,"column":null}},"2":{"start":{"line":15,"column":2},"end":{"line":15,"column":null}},"3":{"start":{"line":22,"column":2},"end":{"line":24,"column":null}},"4":{"start":{"line":23,"column":4},"end":{"line":23,"column":null}},"5":{"start":{"line":31,"column":14},"end":{"line":31,"column":null}},"6":{"start":{"line":32,"column":2},"end":{"line":40,"column":null}},"7":{"start":{"line":33,"column":22},"end":{"line":33,"column":40}},"8":{"start":{"line":34,"column":31},"end":{"line":34,"column":57}},"9":{"start":{"line":35,"column":27},"end":{"line":35,"column":44}},"10":{"start":{"line":36,"column":19},"end":{"line":36,"column":29}},"11":{"start":{"line":37,"column":19},"end":{"line":37,"column":51}},"12":{"start":{"line":38,"column":20},"end":{"line":38,"column":53}},"13":{"start":{"line":48,"column":2},"end":{"line":48,"column":null}},"14":{"start":{"line":49,"column":2},"end":{"line":49,"column":null}}},"fnMap":{"0":{"name":"setupPinia","decl":{"start":{"line":12,"column":16},"end":{"line":12,"column":26}},"loc":{"start":{"line":12,"column":29},"end":{"line":16,"column":null}},"line":12},"1":{"name":"clearLocalStorage","decl":{"start":{"line":21,"column":16},"end":{"line":21,"column":33}},"loc":{"start":{"line":21,"column":36},"end":{"line":25,"column":null}},"line":21},"2":{"name":"createLocalStorageMock","decl":{"start":{"line":30,"column":16},"end":{"line":30,"column":38}},"loc":{"start":{"line":30,"column":41},"end":{"line":41,"column":null}},"line":30},"3":{"name":"(anonymous_3)","decl":{"start":{"line":33,"column":13},"end":{"line":33,"column":14}},"loc":{"start":{"line":33,"column":22},"end":{"line":33,"column":40}},"line":33},"4":{"name":"(anonymous_4)","decl":{"start":{"line":34,"column":13},"end":{"line":34,"column":14}},"loc":{"start":{"line":34,"column":29},"end":{"line":34,"column":59}},"line":34},"5":{"name":"(anonymous_5)","decl":{"start":{"line":35,"column":16},"end":{"line":35,"column":17}},"loc":{"start":{"line":35,"column":25},"end":{"line":35,"column":46}},"line":35},"6":{"name":"(anonymous_6)","decl":{"start":{"line":36,"column":11},"end":{"line":36,"column":12}},"loc":{"start":{"line":36,"column":17},"end":{"line":36,"column":31}},"line":36},"7":{"name":"length","decl":{"start":{"line":37,"column":8},"end":{"line":37,"column":14}},"loc":{"start":{"line":37,"column":17},"end":{"line":37,"column":53}},"line":37},"8":{"name":"(anonymous_8)","decl":{"start":{"line":38,"column":9},"end":{"line":38,"column":10}},"loc":{"start":{"line":38,"column":20},"end":{"line":38,"column":53}},"line":38},"9":{"name":"setupTestEnv","decl":{"start":{"line":47,"column":16},"end":{"line":47,"column":28}},"loc":{"start":{"line":47,"column":31},"end":{"line":50,"column":null}},"line":47}},"branchMap":{"0":{"loc":{"start":{"line":22,"column":2},"end":{"line":24,"column":null}},"type":"if","locations":[{"start":{"line":22,"column":2},"end":{"line":24,"column":null}},{"start":{},"end":{}}],"line":22},"1":{"loc":{"start":{"line":22,"column":6},"end":{"line":22,"column":63}},"type":"binary-expr","locations":[{"start":{"line":22,"column":6},"end":{"line":22,"column":41}},{"start":{"line":22,"column":45},"end":{"line":22,"column":63}}],"line":22},"2":{"loc":{"start":{"line":33,"column":22},"end":{"line":33,"column":40}},"type":"binary-expr","locations":[{"start":{"line":33,"column":22},"end":{"line":33,"column":32}},{"start":{"line":33,"column":36},"end":{"line":33,"column":40}}],"line":33},"3":{"loc":{"start":{"line":38,"column":20},"end":{"line":38,"column":53}},"type":"binary-expr","locations":[{"start":{"line":38,"column":20},"end":{"line":38,"column":45}},{"start":{"line":38,"column":49},"end":{"line":38,"column":53}}],"line":38}},"s":{"0":125,"1":125,"2":125,"3":122,"4":51,"5":0,"6":0,"7":0,"8":0,"9":0,"10":0,"11":0,"12":0,"13":122,"14":122},"f":{"0":125,"1":122,"2":0,"3":0,"4":0,"5":0,"6":0,"7":0,"8":0,"9":122},"b":{"0":[51,71],"1":[122,122],"2":[0,0],"3":[0,0]},"meta":{"lastBranch":4,"lastFunction":10,"lastStatement":15,"seen":{"f:12:16:12:26":0,"s:13:15:13:Infinity":0,"s:14:1:14:Infinity":1,"s:15:2:15:Infinity":2,"f:21:16:21:33":1,"b:22:2:24:Infinity:undefined:undefined:undefined:undefined":0,"s:22:2:24:Infinity":3,"b:22:6:22:41:22:45:22:63":1,"s:23:4:23:Infinity":4,"f:30:16:30:38":2,"s:31:14:31:Infinity":5,"s:32:2:40:Infinity":6,"f:33:13:33:14":3,"s:33:22:33:40":7,"b:33:22:33:32:33:36:33:40":2,"f:34:13:34:14":4,"s:34:31:34:57":8,"f:35:16:35:17":5,"s:35:27:35:44":9,"f:36:11:36:12":6,"s:36:19:36:29":10,"f:37:8:37:14":7,"s:37:19:37:51":11,"f:38:9:38:10":8,"s:38:20:38:53":12,"b:38:20:38:45:38:49:38:53":3,"f:47:16:47:28":9,"s:48:2:48:Infinity":13,"s:49:2:49:Infinity":14},"fnNames":{}}}
}
