TN:
SF:src/components/Contact.vue
FN:61,(anonymous_0)
FN:8,(anonymous_1)
FN:16,(anonymous_2)
FNF:3
FNH:3
FNDA:484,(anonymous_0)
FNDA:134,(anonymous_1)
FNDA:240,(anonymous_2)
DA:2,134
DA:9,1
DA:10,1
DA:11,1
DA:14,1
DA:15,240
DA:25,134
DA:44,54
DA:49,54
DA:51,54
DA:52,0
DA:54,54
DA:56,0
DA:57,0
DA:61,54
DA:62,484
DA:72,484
DA:76,54
LF:18
LH:15
BRDA:44,0,0,54
BRDA:44,0,1,0
BRDA:44,0,2,0
BRDA:49,1,0,54
BRDA:49,1,1,0
BRDA:51,2,0,0
BRDA:51,2,1,54
BRDA:51,3,0,54
BRDA:51,3,1,54
BRDA:54,4,0,54
BRDA:54,4,1,0
BRDA:72,5,0,484
BRDA:72,5,1,0
BRDA:4,6,0,54
BRDA:8,7,0,80
BRF:15
BRH:9
end_of_record
TN:
SF:src/components/SkeletonContact.vue
FN:4,(anonymous_0)
FNF:1
FNH:1
FNDA:162,(anonymous_0)
DA:2,54
DA:3,162
LF:2
LH:2
BRF:0
BRH:0
end_of_record
TN:
SF:src/composables/useLanguage.js
FN:11,loadTranslations
FN:28,getNestedValue
FN:29,(anonymous_2)
FN:34,useLanguage
FN:36,initLanguage
FN:47,setLanguage
FN:56,toggleLanguage
FN:62,t
FN:69,(anonymous_8)
FN:74,(anonymous_9)
FNF:10
FNH:4
FNDA:0,loadTranslations
FNDA:1635,getNestedValue
FNDA:5123,(anonymous_2)
FNDA:109,useLanguage
FNDA:0,initLanguage
FNDA:0,setLanguage
FNDA:0,toggleLanguage
FNDA:1635,t
FNDA:0,(anonymous_8)
FNDA:0,(anonymous_9)
DA:3,1
DA:4,1
DA:7,1
DA:8,1
DA:12,0
DA:13,0
DA:16,0
DA:17,0
DA:18,0
DA:19,0
DA:20,0
DA:22,0
DA:23,0
DA:29,1635
DA:30,5123
DA:37,0
DA:38,0
DA:39,0
DA:41,0
DA:43,0
DA:48,0
DA:49,0
DA:50,0
DA:51,0
DA:57,0
DA:58,0
DA:63,1635
DA:64,1635
DA:65,1635
DA:69,109
DA:70,0
DA:74,109
DA:75,0
DA:78,109
LF:34
LH:12
BRDA:12,0,0,0
BRDA:12,0,1,0
BRDA:38,1,0,0
BRDA:38,1,1,0
BRDA:38,2,0,0
BRDA:38,2,1,0
BRDA:38,2,2,0
BRDA:48,3,0,0
BRDA:48,3,1,0
BRDA:48,4,0,0
BRDA:48,4,1,0
BRDA:57,5,0,0
BRDA:57,5,1,0
BRDA:63,6,0,1635
BRDA:63,6,1,1635
BRDA:65,7,0,1635
BRDA:65,7,1,1635
BRDA:70,8,0,0
BRDA:70,8,1,0
BRF:19
BRH:4
end_of_record
TN:
SF:src/composables/useSkeleton.js
FN:11,useSkeleton
FN:24,(anonymous_1)
FN:27,(anonymous_2)
FN:35,(anonymous_3)
FN:39,(anonymous_4)
FN:50,(anonymous_5)
FN:68,useInitialLoading
FN:73,(anonymous_7)
FN:78,(anonymous_8)
FN:86,(anonymous_9)
FN:93,(anonymous_10)
FNF:11
FNH:0
FNDA:0,useSkeleton
FNDA:0,(anonymous_1)
FNDA:0,(anonymous_2)
FNDA:0,(anonymous_3)
FNDA:0,(anonymous_4)
FNDA:0,(anonymous_5)
FNDA:0,useInitialLoading
FNDA:0,(anonymous_7)
FNDA:0,(anonymous_8)
FNDA:0,(anonymous_9)
FNDA:0,(anonymous_10)
DA:15,0
DA:17,0
DA:18,0
DA:19,0
DA:20,0
DA:22,0
DA:24,0
DA:25,0
DA:27,0
DA:28,0
DA:29,0
DA:31,0
DA:33,0
DA:36,0
DA:37,0
DA:39,0
DA:40,0
DA:41,0
DA:50,0
DA:51,0
DA:52,0
DA:56,0
DA:69,0
DA:70,0
DA:71,0
DA:73,0
DA:74,0
DA:75,0
DA:76,0
DA:78,0
DA:79,0
DA:81,0
DA:82,0
DA:83,0
DA:86,0
DA:87,0
DA:88,0
DA:93,0
DA:96,0
LF:39
LH:0
BRDA:11,0,0,0
BRDA:13,1,0,0
BRDA:14,2,0,0
BRDA:25,3,0,0
BRDA:25,3,1,0
BRDA:31,4,0,0
BRDA:31,4,1,0
BRDA:36,5,0,0
BRDA:36,5,1,0
BRDA:36,6,0,0
BRDA:36,6,1,0
BRDA:51,7,0,0
BRDA:51,7,1,0
BRDA:81,8,0,0
BRDA:81,8,1,0
BRF:15
BRH:0
end_of_record
TN:
SF:src/views/Home.vue
FN:74,(anonymous_0)
FN:76,(anonymous_1)
FNF:2
FNH:1
FNDA:109,(anonymous_0)
FNDA:0,(anonymous_1)
DA:2,109
DA:8,1
DA:10,1
DA:14,1
DA:18,1
DA:19,1
DA:22,1
DA:23,1
DA:25,1
DA:27,1
DA:29,1
DA:31,1
DA:33,1
DA:40,1
DA:41,1
DA:46,1
DA:51,1
DA:59,1
DA:60,1
DA:72,109
DA:74,109
DA:76,109
DA:77,0
LF:23
LH:22
BRDA:4,0,0,109
BRDA:4,0,1,109
BRDA:5,1,0,109
BRDA:5,1,1,109
BRDA:24,2,0,109
BRDA:24,2,1,109
BRDA:28,3,0,109
BRDA:28,3,1,109
BRDA:32,4,0,109
BRDA:32,4,1,109
BRDA:42,5,0,109
BRDA:42,5,1,109
BRDA:47,6,0,109
BRDA:47,6,1,109
BRDA:52,7,0,109
BRDA:52,7,1,109
BRF:16
BRH:16
end_of_record
TN:
SF:src/views/ServiceBigData.vue
FN:243,(anonymous_0)
FN:7,(anonymous_1)
FN:14,(anonymous_2)
FN:30,(anonymous_3)
FN:47,(anonymous_4)
FN:58,(anonymous_5)
FN:72,(anonymous_6)
FN:81,(anonymous_7)
FN:97,(anonymous_8)
FNF:9
FNH:9
FNDA:43,(anonymous_0)
FNDA:3,(anonymous_1)
FNDA:43,(anonymous_2)
FNDA:252,(anonymous_3)
FNDA:168,(anonymous_4)
FNDA:672,(anonymous_5)
FNDA:126,(anonymous_6)
FNDA:378,(anonymous_7)
FNDA:168,(anonymous_8)
DA:2,43
DA:6,1
DA:7,3
DA:19,1
DA:20,1
DA:28,1
DA:29,252
DA:36,1
DA:37,1
DA:45,1
DA:46,168
DA:51,1
DA:53,1
DA:55,1
DA:56,1
DA:57,672
DA:70,1
DA:71,126
DA:77,1
DA:78,1
DA:79,1
DA:80,378
DA:95,1
DA:96,168
DA:101,1
DA:102,1
DA:110,1
DA:111,1
DA:120,43
DA:139,43
DA:140,43
DA:143,43
DA:177,43
DA:201,43
DA:235,43
DA:243,43
DA:244,43
DA:245,43
DA:246,43
DA:247,0
LF:40
LH:39
BRDA:246,0,0,0
BRDA:246,0,1,43
BRDA:4,1,0,1
BRDA:5,2,0,1
BRDA:5,2,1,1
BRDA:9,3,0,1
BRDA:9,3,1,1
BRDA:14,4,0,42
BRDA:17,5,0,42
BRDA:17,5,1,42
BRDA:52,6,0,168
BRDA:52,6,1,42
BRDA:85,7,0,378
BRDA:85,7,1,42
BRF:14
BRH:13
end_of_record
